<?xml version="1.0" encoding="UTF-8"?>
<!-- Generated by org.testng.reporters.JUnitXMLReporter -->
<testsuite ignored="3" hostname="DESKTOP-PCSHU8L" failures="0" tests="1" name="ChromeTest" time="8.831" errors="0" timestamp="2025-09-10T15:13:19 IST">
  <testcase classname="testScript.LoginTest" name="verifyLoginWithValidCredentials" time="1.927"/>
  <testcase classname="testScript.LoginTest" name="verifyLoginWithInValidUsernameValidPassword" time="0.0">
    <ignored/>
  </testcase> <!-- verifyLoginWithInValidUsernameValidPassword -->
  <testcase classname="testScript.LoginTest" name="verifyLoginWithValidUsernameInvalidPassword" time="0.0">
    <ignored/>
  </testcase> <!-- verifyLoginWithValidUsernameInvalidPassword -->
  <testcase classname="testScript.LoginTest" name="verifyLoginWithInValidUsernameInvalidPassword" time="0.0">
    <ignored/>
  </testcase> <!-- verifyLoginWithInValidUsernameInvalidPassword -->
</testsuite> <!-- ChromeTest -->
