<?xml version="1.0" encoding="UTF-8"?>
<!-- Generated by org.testng.reporters.JUnitXMLReporter -->
<testsuite ignored="2" hostname="DESKTOP-PCSHU8L" failures="0" tests="2" name="Test2" time="260.879" errors="0" timestamp="2025-09-11T19:55:29 IST">
  <testcase classname="testScript.LoginTest" name="verifyLoginWithValidCredentials" time="0.813"/>
  <testcase classname="testScript.LoginTest" name="verifyLoginWithValidUsernameInvalidPassword" time="0.89"/>
  <testcase classname="testScript.LoginTest" name="verifyLoginWithInValidUsernameValidPassword" time="0.0">
    <ignored/>
  </testcase> <!-- verifyLoginWithInValidUsernameValidPassword -->
  <testcase classname="testScript.LoginTest" name="verifyLoginWithInValidUsernameInvalidPassword" time="0.0">
    <ignored/>
  </testcase> <!-- verifyLoginWithInValidUsernameInvalidPassword -->
</testsuite> <!-- Test2 -->
