<?xml version="1.0" encoding="UTF-8"?>
<!-- Generated by org.testng.reporters.JUnitXMLReporter -->
<testsuite ignored="1" hostname="DESKTOP-PCSHU8L" failures="0" tests="1" name="Default test" time="8.423" errors="0" timestamp="2025-08-27T17:57:35 IST">
  <testcase classname="testScript.AdminUsersTest" name="verifySearchAdminUsers" time="3.642"/>
  <testcase classname="testScript.AdminUsersTest" name="verifyAddAdminUsers" time="0.0">
    <ignored/>
  </testcase> <!-- verifyAddAdminUsers -->
</testsuite> <!-- Default test -->
