<?xml version="1.0" encoding="UTF-8"?>
<!-- Generated by org.testng.reporters.JUnitXMLReporter -->
<testsuite ignored="2" hostname="DESKTOP-PCSHU8L" failures="0" tests="1" name="Default test" time="22.966" errors="0" timestamp="2025-09-10T09:59:12 IST">
  <testcase classname="testScript.ManageNewsTest" name="verifySearchForNewNewsTitle" time="7.875"/>
  <testcase classname="testScript.ManageNewsTest" name="verifyResetButtonFunctionality" time="0.0">
    <ignored/>
  </testcase> <!-- verifyResetButtonFunctionality -->
  <testcase classname="testScript.ManageNewsTest" name="verifyWhetherUserIsAbleToAddNewNewsTitle" time="0.0">
    <ignored/>
  </testcase> <!-- verifyWhetherUserIsAbleToAddNewNewsTitle -->
</testsuite> <!-- Default test -->
