<?xml version="1.0" encoding="UTF-8"?>
<!-- Generated by org.testng.reporters.JUnitXMLReporter -->
<testsuite ignored="2" hostname="DESKTOP-PCSHU8L" failures="0" tests="2" name="Test" time="27.899" errors="0" timestamp="2025-09-09T14:20:42 IST">
  <testcase classname="testScript.LoginTest" name="verifyLoginWithValidCredentials" time="5.003"/>
  <testcase classname="testScript.LoginTest" name="verifyLoginWithValidUsernameInvalidPassword" time="0.817"/>
  <testcase classname="testScript.LoginTest" name="verifyLoginWithInValidUsernameInvalidPassword" time="0.0">
    <ignored/>
  </testcase> <!-- verifyLoginWithInValidUsernameInvalidPassword -->
  <testcase classname="testScript.LoginTest" name="verifyLoginWithInValidUsernameValidPassword" time="0.0">
    <ignored/>
  </testcase> <!-- verifyLoginWithInValidUsernameValidPassword -->
</testsuite> <!-- Test -->
