<?xml version="1.0" encoding="UTF-8"?>
<testng-results ignored="0" total="1" passed="1" failed="0" skipped="0">
  <reporter-output>
  </reporter-output>
  <suite started-at="2025-09-01T14:40:37 IST" name="Default suite" finished-at="2025-09-01T14:40:49 IST" duration-ms="12205">
    <groups>
    </groups>
    <test started-at="2025-09-01T14:40:37 IST" name="Default test" finished-at="2025-09-01T14:40:49 IST" duration-ms="12205">
      <class name="testScript.AdminUsersTest">
        <test-method is-config="true" signature="initializeBrowser()[pri:0, instance:testScript.AdminUsersTest@18078bef]" started-at="2025-09-01T14:40:37 IST" name="initializeBrowser" finished-at="2025-09-01T14:40:43 IST" duration-ms="6396" status="PASS">
          <reporter-output>
          </reporter-output>
        </test-method> <!-- initializeBrowser -->
        <test-method signature="verifySearchAdminUsers()[pri:0, instance:testScript.AdminUsersTest@18078bef]" started-at="2025-09-01T14:40:43 IST" name="verifySearchAdminUsers" finished-at="2025-09-01T14:40:49 IST" duration-ms="5726" status="PASS">
          <reporter-output>
          </reporter-output>
        </test-method> <!-- verifySearchAdminUsers -->
      </class> <!-- testScript.AdminUsersTest -->
    </test> <!-- Default test -->
  </suite> <!-- Default suite -->
</testng-results>
