<?xml version="1.0" encoding="UTF-8"?>
<testng-results ignored="0" total="2" passed="2" failed="0" skipped="0">
  <reporter-output>
  </reporter-output>
  <suite started-at="2025-09-17T11:40:38 IST" name="Suite" finished-at="2025-09-17T11:40:49 IST" duration-ms="10598">
    <groups>
      <group name="smoke">
        <method signature="LoginTest.verifyLoginWithValidCredentials(java.lang.String,java.lang.String)[pri:1, instance:testScript.LoginTest@49b2a47d]" name="verifyLoginWithValidCredentials" class="testScript.LoginTest"/>
      </group> <!-- smoke -->
    </groups>
    <test started-at="2025-09-17T11:40:38 IST" name="Test" finished-at="2025-09-17T11:40:49 IST" duration-ms="10598">
      <class name="testScript.LoginTest">
        <test-method is-config="true" signature="initializeBrowser(java.lang.String)[pri:0, instance:testScript.LoginTest@49b2a47d]" started-at="2025-09-17T11:40:40 IST" name="initializeBrowser" finished-at="2025-09-17T11:40:43 IST" duration-ms="3448" status="PASS">
          <params>
            <param index="0">
              <value>
                <![CDATA[chrome]]>
              </value>
            </param>
          </params>
          <reporter-output>
          </reporter-output>
        </test-method> <!-- initializeBrowser -->
        <test-method signature="verifyLoginWithValidCredentials(java.lang.String,java.lang.String)[pri:1, instance:testScript.LoginTest@49b2a47d]" started-at="2025-09-17T11:40:43 IST" name="verifyLoginWithValidCredentials" description="sucessful user login with valid credentials" data-provider="loginData" finished-at="2025-09-17T11:40:44 IST" duration-ms="1127" status="PASS">
          <params>
            <param index="0">
              <value>
                <![CDATA[admin]]>
              </value>
            </param>
            <param index="1">
              <value>
                <![CDATA[admin]]>
              </value>
            </param>
          </params>
          <reporter-output>
          </reporter-output>
        </test-method> <!-- verifyLoginWithValidCredentials -->
        <test-method is-config="true" signature="driverQuit(org.testng.ITestResult)[pri:0, instance:testScript.LoginTest@49b2a47d]" started-at="2025-09-17T11:40:44 IST" name="driverQuit" finished-at="2025-09-17T11:40:45 IST" duration-ms="603" status="PASS">
          <params>
            <param index="0">
              <value>
                <![CDATA[[TestResult name=verifyLoginWithValidCredentials status=SUCCESS method=LoginTest.verifyLoginWithValidCredentials(java.lang.String,java.lang.String)[pri:1, instance:testScript.LoginTest@49b2a47d] output={null}]]]>
              </value>
            </param>
          </params>
          <reporter-output>
          </reporter-output>
        </test-method> <!-- driverQuit -->
        <test-method is-config="true" signature="initializeBrowser(java.lang.String)[pri:0, instance:testScript.LoginTest@49b2a47d]" started-at="2025-09-17T11:40:45 IST" name="initializeBrowser" finished-at="2025-09-17T11:40:48 IST" duration-ms="3001" status="PASS">
          <params>
            <param index="0">
              <value>
                <![CDATA[chrome]]>
              </value>
            </param>
          </params>
          <reporter-output>
          </reporter-output>
        </test-method> <!-- initializeBrowser -->
        <test-method signature="verifyLoginWithInValidUsernameValidPassword()[pri:2, instance:testScript.LoginTest@49b2a47d]" started-at="2025-09-17T11:40:48 IST" name="verifyLoginWithInValidUsernameValidPassword" description="user login with invalid username and valid password" finished-at="2025-09-17T11:40:49 IST" duration-ms="860" status="PASS">
          <reporter-output>
          </reporter-output>
        </test-method> <!-- verifyLoginWithInValidUsernameValidPassword -->
        <test-method is-config="true" signature="driverQuit(org.testng.ITestResult)[pri:0, instance:testScript.LoginTest@49b2a47d]" started-at="2025-09-17T11:40:49 IST" name="driverQuit" finished-at="2025-09-17T11:40:49 IST" duration-ms="458" status="PASS">
          <params>
            <param index="0">
              <value>
                <![CDATA[[TestResult name=verifyLoginWithInValidUsernameValidPassword status=SUCCESS method=LoginTest.verifyLoginWithInValidUsernameValidPassword()[pri:2, instance:testScript.LoginTest@49b2a47d] output={null}]]]>
              </value>
            </param>
          </params>
          <reporter-output>
          </reporter-output>
        </test-method> <!-- driverQuit -->
      </class> <!-- testScript.LoginTest -->
    </test> <!-- Test -->
  </suite> <!-- Suite -->
</testng-results>
