<?xml version="1.0" encoding="UTF-8"?>
<!-- Generated by org.testng.reporters.JUnitXMLReporter -->
<testsuite ignored="2" hostname="DESKTOP-PCSHU8L" failures="0" tests="2" name="Test" time="10.121" errors="0" timestamp="2025-09-10T15:38:55 IST">
  <testcase classname="testScript.LoginTest" name="verifyLoginWithValidCredentials" time="1.883"/>
  <testcase classname="testScript.LoginTest" name="verifyLoginWithInValidUsernameInvalidPassword" time="0.693"/>
  <testcase classname="testScript.LoginTest" name="verifyLoginWithInValidUsernameValidPassword" time="0.0">
    <ignored/>
  </testcase> <!-- verifyLoginWithInValidUsernameValidPassword -->
  <testcase classname="testScript.LoginTest" name="verifyLoginWithValidUsernameInvalidPassword" time="0.0">
    <ignored/>
  </testcase> <!-- verifyLoginWithValidUsernameInvalidPassword -->
</testsuite> <!-- Test -->
